{
  "stats": {
    "suites": 1,
    "tests": 4,
    "passes": 4,
    "pending": 0,
    "failures": 0,
    "start": "2025-03-27T00:14:23.703Z",
    "end": "2025-03-27T00:14:37.434Z",
    "duration": 13731,
    "testsRegistered": 4,
    "passPercent": 100,
    "pendingPercent": 0,
    "other": 0,
    "hasOther": false,
    "skipped": 0,
    "hasSkipped": false
  },
  "results": [
    {
      "uuid": "14c7f16b-f898-4bd5-a659-873f8fcb2d27",
      "title": "",
      "fullFile": "cypress\\e2e\\login.spec.cy.js",
      "file": "cypress\\e2e\\login.spec.cy.js",
      "beforeHooks": [],
      "afterHooks": [],
      "tests": [],
      "suites": [
        {
          "uuid": "cb5f9621-6f75-4fb3-a9ef-601af41334f6",
          "title": "Login",
          "fullFile": "",
          "file": "",
          "beforeHooks": [],
          "afterHooks": [],
          "tests": [
            {
              "title": "Should be able to login successfully",
              "fullTitle": "Login Should be able to login successfully",
              "timedOut": null,
              "duration": 5951,
              "state": "passed",
              "speed": "medium",
              "pass": true,
              "fail": false,
              "pending": false,
              "context": null,
              "code": "loginPage.login('Arvilla_Hegmann', 's3cret');\ncy.get(_login2.loginMappings.accountBalanceSelector).should('be.visible');",
              "err": {},
              "uuid": "3d606450-4b2f-402c-86d0-87065408e939",
              "parentUUID": "cb5f9621-6f75-4fb3-a9ef-601af41334f6",
              "isHook": false,
              "skipped": false
            },
            {
              "title": "Should be able to logout successfully",
              "fullTitle": "Login Should be able to logout successfully",
              "timedOut": null,
              "duration": 3310,
              "state": "passed",
              "speed": "fast",
              "pass": true,
              "fail": false,
              "pending": false,
              "context": null,
              "code": "loginPage.logout('Arvilla_Hegmann', 's3cret');\ncy.get(_login2.loginMappings.signinTitleSelector).should('contain', 'Sign in');",
              "err": {},
              "uuid": "10a9ecd1-72a7-42cd-a79c-fe8f9a26a4d3",
              "parentUUID": "cb5f9621-6f75-4fb3-a9ef-601af41334f6",
              "isHook": false,
              "skipped": false
            },
            {
              "title": "Should not be able to login with wrong credentials",
              "fullTitle": "Login Should not be able to login with wrong credentials",
              "timedOut": null,
              "duration": 2607,
              "state": "passed",
              "speed": "fast",
              "pass": true,
              "fail": false,
              "pending": false,
              "context": null,
              "code": "loginPage.login('Arvilla_Hegmann', 'wrong_password');\ncy.get(_login2.loginMappings.signinErrorSelector).should('contain', 'Username or password is invalid');",
              "err": {},
              "uuid": "f5cb390d-7c4f-4a4a-9ba2-455aec7a8505",
              "parentUUID": "cb5f9621-6f75-4fb3-a9ef-601af41334f6",
              "isHook": false,
              "skipped": false
            },
            {
              "title": "Should not be able to login with empty credentials",
              "fullTitle": "Login Should not be able to login with empty credentials",
              "timedOut": null,
              "duration": 1242,
              "state": "passed",
              "speed": "fast",
              "pass": true,
              "fail": false,
              "pending": false,
              "context": null,
              "code": "cy.get(_login2.loginMappings.signinSubmitButtonSelector).click();\ncy.get(_login2.loginMappings.usernameInputSelector).should('have.attr', 'aria-invalid', 'true');",
              "err": {},
              "uuid": "2617372e-cc01-483a-a25a-15440440b8c1",
              "parentUUID": "cb5f9621-6f75-4fb3-a9ef-601af41334f6",
              "isHook": false,
              "skipped": false
            }
          ],
          "suites": [],
          "passes": [
            "3d606450-4b2f-402c-86d0-87065408e939",
            "10a9ecd1-72a7-42cd-a79c-fe8f9a26a4d3",
            "f5cb390d-7c4f-4a4a-9ba2-455aec7a8505",
            "2617372e-cc01-483a-a25a-15440440b8c1"
          ],
          "failures": [],
          "pending": [],
          "skipped": [],
          "duration": 13110,
          "root": false,
          "rootEmpty": false,
          "_timeout": 2000
        }
      ],
      "passes": [],
      "failures": [],
      "pending": [],
      "skipped": [],
      "duration": 0,
      "root": true,
      "rootEmpty": true,
      "_timeout": 2000
    }
  ],
  "meta": {
    "mocha": {
      "version": "7.0.1"
    },
    "mochawesome": {
      "options": {
        "quiet": false,
        "reportFilename": "mochawesome",
        "saveHtml": true,
        "saveJson": true,
        "consoleReporter": "spec",
        "useInlineDiffs": false,
        "code": true
      },
      "version": "7.1.3"
    },
    "marge": {
      "options": {
        "reportDir": "cypress/results",
        "overwrite": true,
        "html": true,
        "json": true
      },
      "version": "6.2.0"
    }
  }
}